<?xml version="1.0" encoding="UTF-8"?>
<!-- Generated by org.testng.reporters.JUnitReportReporter -->
<testsuite hostname="DESKTOP-RP90KAA" failures="0" tests="4" name="Test.bin" time="36.453" errors="0" timestamp="2026-01-15T10:34:04 IST" skipped="0">
  <testcase classname="Test.bin" name="test" time="5.810"/>
  <testcase classname="Test.bin" name="test1" time="6.760"/>
  <testcase classname="Test.bin" name="test2" time="18.974"/>
  <testcase classname="Test.bin" name="test3" time="4.909"/>
</testsuite> <!-- Test.bin -->
