<?xml version="1.0" encoding="UTF-8"?>
<!-- Generated by org.testng.reporters.JUnitReportReporter -->
<testsuite hostname="DESKTOP-RP90KAA" failures="0" tests="3" name="Test.HRsettingsPage" time="25.405" errors="0" timestamp="2026-01-21T12:40:06 IST" skipped="0">
  <testcase classname="Test.HRsettingsPage" name="test" time="6.761"/>
  <testcase classname="Test.HRsettingsPage" name="test1" time="5.805"/>
  <testcase classname="Test.HRsettingsPage" name="test2" time="12.839"/>
</testsuite> <!-- Test.HRsettingsPage -->
